UG to STEP
! INFO-     NX STEP AP242 - V1899
! INFO-      
! INFO-     Start of Translation: 26-MAR-2022  12:00:56 AM
! INFO-      
! STATUS-   Converting Part: G:\project_bulba\V0.7\V06-03-03-01-04 - 2020 to 2020 mount.prt
! STATUS-    
! STATUS-   Converting to Output Form (Phase 2 of 3): 26-MAR-2022 12:00:56 AM
! STATUS-    
! INFO-           Summary of STEP Entities 
! INFO-      
! INFO-     Entity Type                                                   Count 
! INFO-     -----------                                                   ------ 
! INFO-     advanced_brep_shape_representation .......................:   1 
! INFO-     advanced_face ............................................:   46 
! INFO-     application_context ......................................:   1 
! INFO-     application_protocol_definition ..........................:   1 
! INFO-     axis2_placement_3d .......................................:   63 
! INFO-     cartesian_point ..........................................:   245 
! INFO-     circle ...................................................:   16 
! INFO-     closed_shell .............................................:   1 
! INFO-     colour_rgb ...............................................:   1 
! INFO-     conical_surface ..........................................:   4 
! INFO-     cylindrical_surface ......................................:   6 
! INFO-     direction ................................................:   232 
! INFO-     edge_curve ...............................................:   122 
! INFO-     edge_loop ................................................:   58 
! INFO-     face_bound ...............................................:   58 
! INFO-     fill_area_style ..........................................:   1 
! INFO-     fill_area_style_colour ...................................:   1 
! INFO-     geometric_representation_context_and_global_uncertainty_a :   1 
! INFO-     length_unit_and_si_unit ..................................:   1 
! INFO-     line .....................................................:   106 
! INFO-     manifold_solid_brep ......................................:   1 
! INFO-     mechanical_design_geometric_presentation_representation ..:   1 
! INFO-     oriented_edge ............................................:   244 
! INFO-     plane ....................................................:   36 
! INFO-     plane_angle_unit_and_si_unit .............................:   1 
! INFO-     presentation_style_assignment ............................:   1 
! INFO-     product ..................................................:   1 
! INFO-     product_category .........................................:   1 
! INFO-     product_context ..........................................:   1 
! INFO-     product_definition .......................................:   1 
! INFO-     product_definition_context ...............................:   1 
! INFO-     product_definition_formation_with_specified_source .......:   1 
! INFO-     product_definition_shape .................................:   1 
! INFO-     product_related_product_category .........................:   1 
! INFO-     shape_definition_representation ..........................:   1 
! INFO-     shape_representation .....................................:   1 
! INFO-     shape_representation_relationship ........................:   1 
! INFO-     si_unit_and_solid_angle_unit .............................:   1 
! INFO-     styled_item ..............................................:   1 
! INFO-     surface_side_style .......................................:   1 
! INFO-     surface_style_fill_area ..................................:   1 
! INFO-     surface_style_usage ......................................:   1 
! INFO-     uncertainty_measure_with_unit ............................:   1 
! INFO-     vector ...................................................:   106 
! INFO-     vertex_point .............................................:   76 
! INFO-                                                                  ------- 
! INFO-     Total                                                         1448 
! INFO-      
! INFO-     End of Translation: 26-MAR-2022  12:01:00 AM
! INFO-      
