UG to STEP
! INFO-     NX STEP AP242 - V1899
! INFO-      
! INFO-     Start of Translation: 10-MAY-2022  2:15:11 PM
! INFO-      
! STATUS-   Converting Part: G:\project_bulba\V0.7\V07-01-01-04-06 - Lite print head case for CR10 heatsink.prt
! STATUS-    
! STATUS-   Converting to Output Form (Phase 2 of 3): 10-MAY-2022 2:15:11 PM
! STATUS-    
! INFO-           Summary of STEP Entities 
! INFO-      
! INFO-     Entity Type                                                   Count 
! INFO-     -----------                                                   ------ 
! INFO-     advanced_brep_shape_representation .......................:   1 
! INFO-     advanced_face ............................................:   208 
! INFO-     application_context ......................................:   1 
! INFO-     application_protocol_definition ..........................:   1 
! INFO-     axis2_placement_3d .......................................:   318 
! INFO-     b_spline_curve_with_knots ................................:   76 
! INFO-     b_spline_surface_with_knots ..............................:   5 
! INFO-     b_spline_surface_with_knots_and_rational_b_spline_surface :   1 
! INFO-     cartesian_point ..........................................:   1909 
! INFO-     circle ...................................................:   69 
! INFO-     closed_shell .............................................:   1 
! INFO-     colour_rgb ...............................................:   1 
! INFO-     conical_surface ..........................................:   6 
! INFO-     cylindrical_surface ......................................:   40 
! INFO-     direction ................................................:   1038 
! INFO-     edge_curve ...............................................:   593 
! INFO-     edge_loop ................................................:   278 
! INFO-     ellipse ..................................................:   46 
! INFO-     face_bound ...............................................:   278 
! INFO-     fill_area_style ..........................................:   1 
! INFO-     fill_area_style_colour ...................................:   1 
! INFO-     geometric_representation_context_and_global_uncertainty_a :   1 
! INFO-     length_unit_and_si_unit ..................................:   1 
! INFO-     line .....................................................:   402 
! INFO-     manifold_solid_brep ......................................:   1 
! INFO-     mechanical_design_geometric_presentation_representation ..:   1 
! INFO-     oriented_edge ............................................:   1186 
! INFO-     plane ....................................................:   156 
! INFO-     plane_angle_unit_and_si_unit .............................:   1 
! INFO-     presentation_style_assignment ............................:   1 
! INFO-     product ..................................................:   1 
! INFO-     product_category .........................................:   1 
! INFO-     product_context ..........................................:   1 
! INFO-     product_definition .......................................:   1 
! INFO-     product_definition_context ...............................:   1 
! INFO-     product_definition_formation_with_specified_source .......:   1 
! INFO-     product_definition_shape .................................:   1 
! INFO-     product_related_product_category .........................:   1 
! INFO-     shape_definition_representation ..........................:   1 
! INFO-     shape_representation .....................................:   1 
! INFO-     shape_representation_relationship ........................:   1 
! INFO-     si_unit_and_solid_angle_unit .............................:   1 
! INFO-     styled_item ..............................................:   1 
! INFO-     surface_side_style .......................................:   1 
! INFO-     surface_style_fill_area ..................................:   1 
! INFO-     surface_style_usage ......................................:   1 
! INFO-     uncertainty_measure_with_unit ............................:   1 
! INFO-     vector ...................................................:   402 
! INFO-     vertex_point .............................................:   409 
! INFO-                                                                  ------- 
! INFO-     Total                                                         7450 
! INFO-      
! INFO-     End of Translation: 10-MAY-2022  2:15:12 PM
! INFO-      
